C:\USERS\THEHUTCH\PROGRAMMING\C++\CPP_IRC\CPP_IRC_CLIENT\CPP_IRC_CLIENT\DEBUG\NETWORKSERVICES.OBJ
C:\USERS\THEHUTCH\PROGRAMMING\C++\CPP_IRC\CPP_IRC_CLIENT\CPP_IRC_CLIENT\DEBUG\CLIENT.OBJ
C:\USERS\THEHUTCH\PROGRAMMING\C++\CPP_IRC\CPP_IRC_CLIENT\CPP_IRC_CLIENT\DEBUG\CLIENTNETWORK.OBJ
C:\USERS\THEHUTCH\PROGRAMMING\C++\CPP_IRC\CPP_IRC_CLIENT\CPP_IRC_CLIENT\DEBUG\CPP_IRC_CLIENT.OBJ
C:\USERS\THEHUTCH\PROGRAMMING\C++\CPP_IRC\CPP_IRC_CLIENT\CPP_IRC_CLIENT\DEBUG\VC110.PDB
C:\USERS\THEHUTCH\PROGRAMMING\C++\CPP_IRC\CPP_IRC_CLIENT\DEBUG\CPP_IRC_CLIENT.ILK
C:\USERS\THEHUTCH\PROGRAMMING\C++\CPP_IRC\CPP_IRC_CLIENT\DEBUG\CPP_IRC_CLIENT.EXE
C:\USERS\THEHUTCH\PROGRAMMING\C++\CPP_IRC\CPP_IRC_CLIENT\DEBUG\CPP_IRC_CLIENT.PDB
C:\Users\thehutch\programming\C++\CPP_IRC\CPP_IRC_CLIENT\CPP_IRC_CLIENT\Debug\ClientNetwork.obj
C:\Users\thehutch\programming\C++\CPP_IRC\CPP_IRC_CLIENT\CPP_IRC_CLIENT\Debug\NetworkServices.obj
C:\Users\thehutch\programming\C++\CPP_IRC\CPP_IRC_CLIENT\CPP_IRC_CLIENT\Debug\cl.command.1.tlog
C:\Users\thehutch\programming\C++\CPP_IRC\CPP_IRC_CLIENT\CPP_IRC_CLIENT\Debug\CL.read.1.tlog
C:\Users\thehutch\programming\C++\CPP_IRC\CPP_IRC_CLIENT\CPP_IRC_CLIENT\Debug\CL.write.1.tlog
C:\Users\thehutch\programming\C++\CPP_IRC\CPP_IRC_CLIENT\CPP_IRC_CLIENT\Debug\link-cvtres.read.1.tlog
C:\Users\thehutch\programming\C++\CPP_IRC\CPP_IRC_CLIENT\CPP_IRC_CLIENT\Debug\link-cvtres.write.1.tlog
C:\Users\thehutch\programming\C++\CPP_IRC\CPP_IRC_CLIENT\CPP_IRC_CLIENT\Debug\link-rc.read.1.tlog
C:\Users\thehutch\programming\C++\CPP_IRC\CPP_IRC_CLIENT\CPP_IRC_CLIENT\Debug\link-rc.write.1.tlog
C:\Users\thehutch\programming\C++\CPP_IRC\CPP_IRC_CLIENT\CPP_IRC_CLIENT\Debug\link.command.1.tlog
C:\Users\thehutch\programming\C++\CPP_IRC\CPP_IRC_CLIENT\CPP_IRC_CLIENT\Debug\link.read.1.tlog
C:\Users\thehutch\programming\C++\CPP_IRC\CPP_IRC_CLIENT\CPP_IRC_CLIENT\Debug\link.write.1.tlog
C:\Users\thehutch\programming\C++\CPP_IRC\CPP_IRC_CLIENT\CPP_IRC_CLIENT\Debug\vc110.idb
C:\Users\thehutch\programming\C++\CPP_IRC\CPP_IRC_CLIENT\CPP_IRC_CLIENT\Debug\vc110.pdb
C:\Users\thehutch\programming\C++\CPP_IRC\CPP_IRC_CLIENT\Debug\CPP_IRC_CLIENT.pdb
C:\Users\thehutch\programming\C++\CPP_IRC\CPP_IRC_CLIENT\Debug\CPP_IRC_CLIENT.exe
C:\Users\thehutch\programming\C++\CPP_IRC\CPP_IRC_CLIENT\Debug\CPP_IRC_CLIENT.ilk
