C:\USERS\THEHUTCH\PROGRAMMING\C++\CPP_IRC\CPP_IRC_SERVER\CPP_IRC_SERVER\DEBUG\NETWORKSERVICES.OBJ
C:\USERS\THEHUTCH\PROGRAMMING\C++\CPP_IRC\CPP_IRC_SERVER\CPP_IRC_SERVER\DEBUG\CPP_IRC_SERVER.OBJ
C:\USERS\THEHUTCH\PROGRAMMING\C++\CPP_IRC\CPP_IRC_SERVER\CPP_IRC_SERVER\DEBUG\SERVERNETWORK.OBJ
C:\USERS\THEHUTCH\PROGRAMMING\C++\CPP_IRC\CPP_IRC_SERVER\CPP_IRC_SERVER\DEBUG\VC110.PDB
C:\USERS\THEHUTCH\PROGRAMMING\C++\CPP_IRC\CPP_IRC_SERVER\CPP_IRC_SERVER\DEBUG\SERVER.OBJ
C:\USERS\THEHUTCH\PROGRAMMING\C++\CPP_IRC\CPP_IRC_SERVER\DEBUG\CPP_IRC_SERVER.ILK
C:\USERS\THEHUTCH\PROGRAMMING\C++\CPP_IRC\CPP_IRC_SERVER\DEBUG\CPP_IRC_SERVER.EXE
C:\USERS\THEHUTCH\PROGRAMMING\C++\CPP_IRC\CPP_IRC_SERVER\DEBUG\CPP_IRC_SERVER.PDB
C:\Users\thehutch\programming\C++\CPP_IRC\CPP_IRC_SERVER\CPP_IRC_SERVER\Debug\CPP_IRC_SERVER.obj
C:\Users\thehutch\programming\C++\CPP_IRC\CPP_IRC_SERVER\CPP_IRC_SERVER\Debug\NetworkServices.obj
C:\Users\thehutch\programming\C++\CPP_IRC\CPP_IRC_SERVER\CPP_IRC_SERVER\Debug\Server.obj
C:\Users\thehutch\programming\C++\CPP_IRC\CPP_IRC_SERVER\CPP_IRC_SERVER\Debug\ServerNetwork.obj
C:\Users\thehutch\programming\C++\CPP_IRC\CPP_IRC_SERVER\CPP_IRC_SERVER\Debug\cl.command.1.tlog
C:\Users\thehutch\programming\C++\CPP_IRC\CPP_IRC_SERVER\CPP_IRC_SERVER\Debug\CL.read.1.tlog
C:\Users\thehutch\programming\C++\CPP_IRC\CPP_IRC_SERVER\CPP_IRC_SERVER\Debug\CL.write.1.tlog
C:\Users\thehutch\programming\C++\CPP_IRC\CPP_IRC_SERVER\CPP_IRC_SERVER\Debug\link-cvtres.read.1.tlog
C:\Users\thehutch\programming\C++\CPP_IRC\CPP_IRC_SERVER\CPP_IRC_SERVER\Debug\link-cvtres.write.1.tlog
C:\Users\thehutch\programming\C++\CPP_IRC\CPP_IRC_SERVER\CPP_IRC_SERVER\Debug\link-rc.read.1.tlog
C:\Users\thehutch\programming\C++\CPP_IRC\CPP_IRC_SERVER\CPP_IRC_SERVER\Debug\link-rc.write.1.tlog
C:\Users\thehutch\programming\C++\CPP_IRC\CPP_IRC_SERVER\CPP_IRC_SERVER\Debug\link.command.1.tlog
C:\Users\thehutch\programming\C++\CPP_IRC\CPP_IRC_SERVER\CPP_IRC_SERVER\Debug\link.read.1.tlog
C:\Users\thehutch\programming\C++\CPP_IRC\CPP_IRC_SERVER\CPP_IRC_SERVER\Debug\link.write.1.tlog
C:\Users\thehutch\programming\C++\CPP_IRC\CPP_IRC_SERVER\CPP_IRC_SERVER\Debug\vc110.idb
C:\Users\thehutch\programming\C++\CPP_IRC\CPP_IRC_SERVER\CPP_IRC_SERVER\Debug\vc110.pdb
C:\Users\thehutch\programming\C++\CPP_IRC\CPP_IRC_SERVER\Debug\CPP_IRC_SERVER.pdb
C:\Users\thehutch\programming\C++\CPP_IRC\CPP_IRC_SERVER\Debug\CPP_IRC_SERVER.exe
C:\Users\thehutch\programming\C++\CPP_IRC\CPP_IRC_SERVER\Debug\CPP_IRC_SERVER.ilk
